-------------------------------------------------------------------------------
Test set: ru.netology.statistic.StatisticsServiceTest
-------------------------------------------------------------------------------
Tests run: 2, Failures: 1, Errors: 0, Skipped: 0, Time elapsed: 0.048 s <<< FAILURE! - in ru.netology.statistic.StatisticsServiceTest
findMaxButItsNot  Time elapsed: 0.013 s  <<< FAILURE!
org.opentest4j.AssertionFailedError: expected: <1> but was: <12>
	at ru.netology.statistic.StatisticsServiceTest.findMaxButItsNot(StatisticsServiceTest.java:30)

