<?xml version="1.0" encoding="UTF-8"?>
<testsuite xmlns:xsi="http://www.w3.org/2001/XMLSchema-instance" xsi:noNamespaceSchemaLocation="https://maven.apache.org/surefire/maven-surefire-plugin/xsd/surefire-test-report.xsd" name="ru.netology.statistic.StatisticsServiceTest" time="0.048" tests="2" errors="0" skipped="0" failures="1">
  <properties>
[...]
</properties>
  <testcase name="findMax" classname="ru.netology.statistic.StatisticsServiceTest" time="0.025"/>
  <testcase name="findMaxButItsNot" classname="ru.netology.statistic.StatisticsServiceTest" time="0.013">
    <failure message="expected: &lt;1&gt; but was: &lt;12&gt;" type="org.opentest4j.AssertionFailedError"><![CDATA[org.opentest4j.AssertionFailedError: expected: <1> but was: <12>
	at ru.netology.statistic.StatisticsServiceTest.findMaxButItsNot(StatisticsServiceTest.java:30)
]]></failure>
  </testcase>
</testsuite>